0 info it worked if it ends with ok
1 verbose cli [ 'node', '/usr/local/bin/npm', 'publish' ]
2 info using npm@1.4.26
3 info using node@v0.10.31
4 verbose node symlink /usr/local/bin/node
5 verbose publish [ '.' ]
6 verbose cache add [ '.', null ]
7 verbose cache add name=undefined spec="." args=[".",null]
8 verbose parsed url { protocol: null,
8 verbose parsed url   slashes: null,
8 verbose parsed url   auth: null,
8 verbose parsed url   host: null,
8 verbose parsed url   port: null,
8 verbose parsed url   hostname: null,
8 verbose parsed url   hash: null,
8 verbose parsed url   search: null,
8 verbose parsed url   query: null,
8 verbose parsed url   pathname: '.',
8 verbose parsed url   path: '.',
8 verbose parsed url   href: '.' }
9 silly lockFile 3a52ce78- .
10 verbose lock . /Users/anwar/.npm/3a52ce78-.lock
11 verbose tar pack [ '/Users/anwar/.npm/nato-pad/0.0.1/package.tgz', '.' ]
12 verbose tarball /Users/anwar/.npm/nato-pad/0.0.1/package.tgz
13 verbose folder .
14 info prepublish nato-pad@0.0.1
15 silly lockFile 1f1177db-tar tar://.
16 verbose lock tar://. /Users/anwar/.npm/1f1177db-tar.lock
17 silly lockFile e0ef72bc-r-npm-nato-pad-0-0-1-package-tgz tar:///Users/anwar/.npm/nato-pad/0.0.1/package.tgz
18 verbose lock tar:///Users/anwar/.npm/nato-pad/0.0.1/package.tgz /Users/anwar/.npm/e0ef72bc-r-npm-nato-pad-0-0-1-package-tgz.lock
19 silly lockFile 1f1177db-tar tar://.
20 silly lockFile 1f1177db-tar tar://.
21 silly lockFile e0ef72bc-r-npm-nato-pad-0-0-1-package-tgz tar:///Users/anwar/.npm/nato-pad/0.0.1/package.tgz
22 silly lockFile e0ef72bc-r-npm-nato-pad-0-0-1-package-tgz tar:///Users/anwar/.npm/nato-pad/0.0.1/package.tgz
23 silly lockFile 9c57f047-anwar-npm-nato-pad-0-0-1-package /Users/anwar/.npm/nato-pad/0.0.1/package
24 verbose lock /Users/anwar/.npm/nato-pad/0.0.1/package /Users/anwar/.npm/9c57f047-anwar-npm-nato-pad-0-0-1-package.lock
25 silly lockFile 9c57f047-anwar-npm-nato-pad-0-0-1-package /Users/anwar/.npm/nato-pad/0.0.1/package
26 silly lockFile 9c57f047-anwar-npm-nato-pad-0-0-1-package /Users/anwar/.npm/nato-pad/0.0.1/package
27 silly lockFile 3a52ce78- .
28 silly lockFile 3a52ce78- .
29 silly publish { name: 'nato-pad',
29 silly publish   version: '0.0.1',
29 silly publish   description: 'Make your strings combat-ready',
29 silly publish   main: 'index.js',
29 silly publish   scripts: { test: 'echo "Error: no test specified" && exit 1' },
29 silly publish   repository:
29 silly publish    { type: 'git',
29 silly publish      url: 'https://github.com/anwaraliahmad/nato-pad.git' },
29 silly publish   keywords: [ 'nato', 'military', 'meme', 'string' ],
29 silly publish   author: { name: 'Anwar Ali-Ahmad', email: 'anwar.aliahmad@icloud.com' },
29 silly publish   license: 'GPLv3',
29 silly publish   bugs: { url: 'https://github.com/anwaraliahmad/nato-pad/issues' },
29 silly publish   homepage: 'https://github.com/anwaraliahmad/nato-pad',
29 silly publish   readme: '# nato-pad\n🇺🇸Make your strings combat-ready🎖\n\n## Installation \n\n```\n$ npm install nato-pad\n```\n\n## Use\n\n```js\nnatoPad = require(\'nato-pad\');\n\nnatoPad("Hello"); // => HOTEL ECHO LIMA LIMA OSCAR\n\nnatoPad("Wow!"); // => WHISKEY OSCAR WHISKEY !\n \nnatoPad("..."); // => ...\n```\n',
29 silly publish   readmeFilename: 'README.md',
29 silly publish   gitHead: '7773855fca1d1a4ba6b40388d0cd5ea6a86f199d',
29 silly publish   _id: 'nato-pad@0.0.1',
29 silly publish   _shasum: '4d4ee6beaaf029ec335d89613791b75d359b41ce',
29 silly publish   _from: '.' }
30 verbose request where is /nato-pad
31 verbose request registry https://registry.npmjs.org/
32 verbose request id e9d94d9c5a237361
33 verbose url raw /nato-pad
34 verbose url resolving [ 'https://registry.npmjs.org/', './nato-pad' ]
35 verbose url resolved https://registry.npmjs.org/nato-pad
36 verbose request where is https://registry.npmjs.org/nato-pad
37 info trying registry request attempt 1 at 16:26:18
38 http PUT https://registry.npmjs.org/nato-pad
39 http 403 https://registry.npmjs.org/nato-pad
40 verbose headers { 'content-type': 'application/json',
40 verbose headers   'cache-control': 'max-age=300',
40 verbose headers   'content-length': '95',
40 verbose headers   'accept-ranges': 'bytes',
40 verbose headers   date: 'Tue, 28 Jun 2016 23:26:19 GMT',
40 verbose headers   via: '1.1 varnish',
40 verbose headers   connection: 'keep-alive',
40 verbose headers   'x-served-by': 'cache-sjc3127-SJC',
40 verbose headers   'x-cache': 'MISS',
40 verbose headers   'x-cache-hits': '0',
40 verbose headers   'x-timer': 'S1467156379.352405,VS0,VE146',
40 verbose headers   vary: 'Accept-Encoding' }
41 error publish Failed PUT 403
42 error Error: "You cannot publish over the previously published version 0.0.1." : nato-pad
42 error     at RegClient.<anonymous> (/usr/local/lib/node_modules/npm/node_modules/npm-registry-client/lib/request.js:308:14)
42 error     at Request._callback (/usr/local/lib/node_modules/npm/node_modules/npm-registry-client/lib/request.js:246:65)
42 error     at Request.self.callback (/usr/local/lib/node_modules/npm/node_modules/request/request.js:123:22)
42 error     at Request.emit (events.js:98:17)
42 error     at Request.<anonymous> (/usr/local/lib/node_modules/npm/node_modules/request/request.js:893:14)
42 error     at Request.emit (events.js:117:20)
42 error     at IncomingMessage.<anonymous> (/usr/local/lib/node_modules/npm/node_modules/request/request.js:844:12)
42 error     at IncomingMessage.emit (events.js:117:20)
42 error     at _stream_readable.js:943:16
42 error     at process._tickCallback (node.js:419:13)
43 error If you need help, you may report this *entire* log,
43 error including the npm and node versions, at:
43 error     <http://github.com/npm/npm/issues>
44 error System Darwin 15.0.0
45 error command "node" "/usr/local/bin/npm" "publish"
46 error cwd /Users/anwar/dev/nato-pad
47 error node -v v0.10.31
48 error npm -v 1.4.26
49 verbose exit [ 1, true ]
